2021-03-11 06:11:12 +0000  Initial pipeline context: <IDEDistributionProcessingPipelineContext: 0x7f81a95dfc70; archive(resolved)='<IDEArchive: 0x7f81a8bb5ca0>', distributionTask(resolved)='2', distributionDestination(resolved)='1', distributionMethod(resolved)='<IDEDistributionMethodAdHoc: 0x7f81b6a223d0>', team(resolved)='<IDEProvisioningDisambiguatableBasicTeam: 0x7f81d3104a00; teamID='C2LP6YW52B', teamName='Sola Franchise Corporation', teamType='Company', username='farhad@bbac.io', isFreeProvisioningTeam='0'>'>
	Chain (13, self inclusive):
	<IDEDistributionProcessingPipelineContext: 0x7f81a95dfc70; archive = '<IDEArchive: 0x7f81a8bb5ca0>', distributionMethod='<IDEDistributionMethodAdHoc: 0x7f81b6a223d0>', team='<IDEProvisioningDisambiguatableBasicTeam: 0x7f81d3104a00; teamID='C2LP6YW52B', teamName='Sola Franchise Corporation', teamType='Company', username='farhad@bbac.io', isFreeProvisioningTeam='0'>'>
	<IDEDistributionProcessingPipelineContext: 0x7f81a95d8d80; archive = '<IDEArchive: 0x7f81a8bb5ca0>', distributionMethod='<IDEDistributionMethodAdHoc: 0x7f81b6a223d0>', team='<IDEProvisioningDisambiguatableBasicTeam: 0x7f81d3104a00; teamID='C2LP6YW52B', teamName='Sola Franchise Corporation', teamType='Company', username='farhad@bbac.io', isFreeProvisioningTeam='0'>'>
	<IDEDistributionContext: 0x7f81a9640180; archive = '<IDEArchive: 0x7f81a8bb5ca0>', distributionMethod='<IDEDistributionMethodAdHoc: 0x7f81b6a223d0>', team='<IDEProvisioningDisambiguatableBasicTeam: 0x7f81d3104a00; teamID='C2LP6YW52B', teamName='Sola Franchise Corporation', teamType='Company', username='farhad@bbac.io', isFreeProvisioningTeam='0'>'>
	<IDEDistributionContext: 0x7f81d085bce0; archive = '<IDEArchive: 0x7f81a8bb5ca0>', distributionMethod='<IDEDistributionMethodAdHoc: 0x7f81b6a223d0>', team='<IDEProvisioningDisambiguatableBasicTeam: 0x7f81d3104a00; teamID='C2LP6YW52B', teamName='Sola Franchise Corporation', teamType='Company', username='farhad@bbac.io', isFreeProvisioningTeam='0'>'>
	<IDEDistributionContext: 0x7f81a967b1b0; archive = '<IDEArchive: 0x7f81a8bb5ca0>', distributionMethod='<IDEDistributionMethodAdHoc: 0x7f81b6a223d0>', team='<IDEProvisioningDisambiguatableBasicTeam: 0x7f81d3104a00; teamID='C2LP6YW52B', teamName='Sola Franchise Corporation', teamType='Company', username='farhad@bbac.io', isFreeProvisioningTeam='0'>'>
	<IDEDistributionContext: 0x7f81d2c772f0; archive = '<IDEArchive: 0x7f81a8bb5ca0>', distributionMethod='<IDEDistributionMethodAdHoc: 0x7f81b6a223d0>', team='<IDEProvisioningDisambiguatableBasicTeam: 0x7f81d3104a00; teamID='C2LP6YW52B', teamName='Sola Franchise Corporation', teamType='Company', username='farhad@bbac.io', isFreeProvisioningTeam='0'>'>
	<IDEDistributionContext: 0x7f81a9a614f0; archive = '<IDEArchive: 0x7f81a8bb5ca0>', distributionMethod='<IDEDistributionMethodAdHoc: 0x7f81b6a223d0>', team='<IDEProvisioningDisambiguatableBasicTeam: 0x7f81d3104a00; teamID='C2LP6YW52B', teamName='Sola Franchise Corporation', teamType='Company', username='farhad@bbac.io', isFreeProvisioningTeam='0'>'>
	<IDEDistributionContext: 0x7f81a9a60c20; archive = '<IDEArchive: 0x7f81a8bb5ca0>', distributionMethod='<IDEDistributionMethodAdHoc: 0x7f81b6a223d0>', team='<IDEProvisioningDisambiguatableBasicTeam: 0x7f81d3104a00; teamID='C2LP6YW52B', teamName='Sola Franchise Corporation', teamType='Company', username='farhad@bbac.io', isFreeProvisioningTeam='0'>'>
	<IDEDistributionContext: 0x7f81a961afc0; archive = '<IDEArchive: 0x7f81a8bb5ca0>', distributionMethod='<IDEDistributionMethodAdHoc: 0x7f81b6a223d0>', team='<IDEProvisioningDisambiguatableBasicTeam: 0x7f81d3104a00; teamID='C2LP6YW52B', teamName='Sola Franchise Corporation', teamType='Company', username='farhad@bbac.io', isFreeProvisioningTeam='0'>'>
	<IDEDistributionContext: 0x7f81a903a8a0; archive = '<IDEArchive: 0x7f81a8bb5ca0>', distributionMethod='<IDEDistributionMethodAdHoc: 0x7f81b6a223d0>', team='(null)'>
	<IDEDistributionContext: 0x7f81a7ff1960; archive = '<IDEArchive: 0x7f81a8bb5ca0>', distributionMethod='<IDEDistributionMethodAdHoc: 0x7f81b6a223d0>', team='(null)'>
	<IDEDistributionContext: 0x7f81a85fdc30; archive = '<IDEArchive: 0x7f81a8bb5ca0>', distributionMethod='<IDEDistributionMethodAdHoc: 0x7f81b6a223d0>', team='(null)'>
	<IDEDistributionContext: 0x7f81cf965a90; archive = '<IDEArchive: 0x7f81a8bb5ca0>', distributionMethod='(null)', team='(null)'>
</IDEDistributionProcessingPipelineContext: 0x7f81a95dfc70>
2021-03-11 06:11:12 +0000  Processing step: IDEDistributionCreateDestRootStep
2021-03-11 06:11:12 +0000  Processing step: IDEDistributionCopyItemStep
2021-03-11 06:11:12 +0000  Running /usr/bin/ditto '-V' '/Users/romanarkan/Library/Developer/Xcode/Archives/2021-03-11/solapro 11.03.2021, 08.09.xcarchive/Products/Applications/Sola Pro.app' '/var/folders/y2/h7p5l8bn6zd8z5l6wnbhd7jc0000gp/T/XcodeDistPipeline.~~~mqaq4E/Root/Payload/Sola Pro.app'
2021-03-11 06:11:12 +0000  >>> Copying /Users/romanarkan/Library/Developer/Xcode/Archives/2021-03-11/solapro 11.03.2021, 08.09.xcarchive/Products/Applications/Sola Pro.app 
2021-03-11 06:11:12 +0000  copying file ./Sola Pro.entitlements ... 
2021-03-11 06:11:12 +0000  285 bytes for ./Sola Pro.entitlements
2021-03-11 06:11:12 +0000  copying file ./_CodeSignature/CodeResources ... 
2021-03-11 06:11:12 +0000  39955 bytes for ./_CodeSignature/CodeResources
2021-03-11 06:11:12 +0000  copying file ./AppIcon20x20@2x.png ... 
2021-03-11 06:11:12 +0000  5116 bytes for ./AppIcon20x20@2x.png
2021-03-11 06:11:12 +0000  copying file ./SplashScreen.storyboardc/01J-lp-oVM-view-Ze5-6b-2t3.nib ... 
2021-03-11 06:11:12 +0000  3200 bytes for ./SplashScreen.storyboardc/01J-lp-oVM-view-Ze5-6b-2t3.nib
copying file ./SplashScreen.storyboardc/UIViewController-01J-lp-oVM.nib ... 
2021-03-11 06:11:12 +0000  896 bytes for ./SplashScreen.storyboardc/UIViewController-01J-lp-oVM.nib
copying file ./SplashScreen.storyboardc/Info.plist ... 
2021-03-11 06:11:12 +0000  258 bytes for ./SplashScreen.storyboardc/Info.plist
2021-03-11 06:11:12 +0000  copying file ./AppIcon57x57.png ... 
2021-03-11 06:11:12 +0000  6523 bytes for ./AppIcon57x57.png
copying file ./AppIcon20x20@3x.png ... 
2021-03-11 06:11:12 +0000  8857 bytes for ./AppIcon20x20@3x.png
2021-03-11 06:11:12 +0000  copying file ./WKYTPlayerView.bundle/Assets/YTPlayerView-iframe-player.html ... 
2021-03-11 06:11:12 +0000  2763 bytes for ./WKYTPlayerView.bundle/Assets/YTPlayerView-iframe-player.html
2021-03-11 06:11:12 +0000  copying file ./AppIcon29x29.png ... 
2021-03-11 06:11:12 +0000  2394 bytes for ./AppIcon29x29.png
copying file ./AppIcon60x60@2x.png ... 
2021-03-11 06:11:12 +0000  17785 bytes for ./AppIcon60x60@2x.png
copying file ./AppIcon72x72@2x~ipad.png ... 
2021-03-11 06:11:12 +0000  22502 bytes for ./AppIcon72x72@2x~ipad.png
copying file ./AppIcon29x29@2x.png ... 
2021-03-11 06:11:12 +0000  6704 bytes for ./AppIcon29x29@2x.png
copying file ./AppIcon40x40@3x.png ... 
2021-03-11 06:11:12 +0000  17785 bytes for ./AppIcon40x40@3x.png
2021-03-11 06:11:12 +0000  copying file ./AppIcon57x57@2x.png ... 
2021-03-11 06:11:12 +0000  16409 bytes for ./AppIcon57x57@2x.png
copying file ./AppIcon29x29~ipad.png ... 
2021-03-11 06:11:12 +0000  2394 bytes for ./AppIcon29x29~ipad.png
2021-03-11 06:11:12 +0000  copying file ./AppIcon40x40@2x.png ... 
2021-03-11 06:11:12 +0000  10571 bytes for ./AppIcon40x40@2x.png
copying file ./AppIcon29x29@3x.png ... 
2021-03-11 06:11:12 +0000  11852 bytes for ./AppIcon29x29@3x.png
copying file ./GoogleService-Info.plist ... 
2021-03-11 06:11:12 +0000  844 bytes for ./GoogleService-Info.plist
copying file ./AppIcon60x60@3x.png ... 
2021-03-11 06:11:12 +0000  29696 bytes for ./AppIcon60x60@3x.png
copying file ./Assets.car ... 
2021-03-11 06:11:12 +0000  2931519 bytes for ./Assets.car
copying file ./IBMPlexSans-SemiBold.ttf ... 
2021-03-11 06:11:12 +0000  182944 bytes for ./IBMPlexSans-SemiBold.ttf
copying file ./AppIcon40x40@2x~ipad.png ... 
2021-03-11 06:11:12 +0000  10571 bytes for ./AppIcon40x40@2x~ipad.png
copying file ./AppIcon76x76@2x~ipad.png ... 
2021-03-11 06:11:12 +0000  24017 bytes for ./AppIcon76x76@2x~ipad.png
copying file ./AppIcon72x72~ipad.png ... 
2021-03-11 06:11:12 +0000  9192 bytes for ./AppIcon72x72~ipad.png
copying file ./main.jsbundle ... 
2021-03-11 06:11:12 +0000  2954621 bytes for ./main.jsbundle
copying file ./AppIcon83.5x83.5@2x~ipad.png ... 
2021-03-11 06:11:12 +0000  38598 bytes for ./AppIcon83.5x83.5@2x~ipad.png
copying file ./AppIcon50x50~ipad.png ... 
2021-03-11 06:11:12 +0000  5373 bytes for ./AppIcon50x50~ipad.png
2021-03-11 06:11:12 +0000  copying file ./Sola Pro ... 
2021-03-11 06:11:12 +0000  11402096 bytes for ./Sola Pro
copying file ./AppIcon29x29@2x~ipad.png ... 
2021-03-11 06:11:12 +0000  6704 bytes for ./AppIcon29x29@2x~ipad.png
copying file ./AppIcon50x50@2x~ipad.png ... 
2021-03-11 06:11:12 +0000  14355 bytes for ./AppIcon50x50@2x~ipad.png
copying file ./AppIcon40x40~ipad.png ... 
2021-03-11 06:11:12 +0000  3889 bytes for ./AppIcon40x40~ipad.png
2021-03-11 06:11:12 +0000  copying file ./Frameworks/libswiftCore.dylib ... 
2021-03-11 06:11:12 +0000  23297568 bytes for ./Frameworks/libswiftCore.dylib
2021-03-11 06:11:12 +0000  copying file ./AppIcon20x20~ipad.png ... 
2021-03-11 06:11:12 +0000  2285 bytes for ./AppIcon20x20~ipad.png
copying file ./embedded.mobileprovision ... 
2021-03-11 06:11:12 +0000  11281 bytes for ./embedded.mobileprovision
2021-03-11 06:11:12 +0000  copying file ./assets/app.json ... 
2021-03-11 06:11:12 +0000  53 bytes for ./assets/app.json
2021-03-11 06:11:12 +0000  copying file ./assets/node_modules/css-tree/dist/default-syntax.json ... 
2021-03-11 06:11:12 +0000  57784 bytes for ./assets/node_modules/css-tree/dist/default-syntax.json
2021-03-11 06:11:12 +0000  copying file ./assets/node_modules/css-tree/package.json ... 
2021-03-11 06:11:12 +0000  2190 bytes for ./assets/node_modules/css-tree/package.json
2021-03-11 06:11:12 +0000  copying file ./assets/node_modules/css-tree/data/patch.json ... 
2021-03-11 06:11:12 +0000  38173 bytes for ./assets/node_modules/css-tree/data/patch.json
2021-03-11 06:11:12 +0000  copying file ./assets/node_modules/react-native-branch/package.json ... 
2021-03-11 06:11:12 +0000  1732 bytes for ./assets/node_modules/react-native-branch/package.json
2021-03-11 06:11:12 +0000  copying file ./assets/node_modules/dom-serializer/foreignNames.json ... 
2021-03-11 06:11:12 +0000  3149 bytes for ./assets/node_modules/dom-serializer/foreignNames.json
2021-03-11 06:11:12 +0000  copying file ./assets/node_modules/dom-serializer/node_modules/entities/lib/maps/xml.json ... 
2021-03-11 06:11:12 +0000  53 bytes for ./assets/node_modules/dom-serializer/node_modules/entities/lib/maps/xml.json
copying file ./assets/node_modules/dom-serializer/node_modules/entities/lib/maps/decode.json ... 
2021-03-11 06:11:12 +0000  299 bytes for ./assets/node_modules/dom-serializer/node_modules/entities/lib/maps/decode.json
copying file ./assets/node_modules/dom-serializer/node_modules/entities/lib/maps/entities.json ... 
2021-03-11 06:11:12 +0000  32977 bytes for ./assets/node_modules/dom-serializer/node_modules/entities/lib/maps/entities.json
2021-03-11 06:11:12 +0000  copying file ./assets/node_modules/dom-serializer/node_modules/entities/lib/maps/legacy.json ... 
2021-03-11 06:11:12 +0000  1356 bytes for ./assets/node_modules/dom-serializer/node_modules/entities/lib/maps/legacy.json
2021-03-11 06:11:12 +0000  copying file ./assets/node_modules/@react-navigation/stack/src/views/assets/back-icon@3x.png ... 
2021-03-11 06:11:12 +0000  761 bytes for ./assets/node_modules/@react-navigation/stack/src/views/assets/back-icon@3x.png
2021-03-11 06:11:12 +0000  copying file ./assets/node_modules/@react-navigation/stack/src/views/assets/back-icon@2x.png ... 
2021-03-11 06:11:12 +0000  405 bytes for ./assets/node_modules/@react-navigation/stack/src/views/assets/back-icon@2x.png
copying file ./assets/node_modules/@react-navigation/stack/src/views/assets/back-icon.png ... 
2021-03-11 06:11:12 +0000  290 bytes for ./assets/node_modules/@react-navigation/stack/src/views/assets/back-icon.png
copying file ./assets/node_modules/@react-navigation/stack/src/views/assets/back-icon-mask.png ... 
2021-03-11 06:11:12 +0000  913 bytes for ./assets/node_modules/@react-navigation/stack/src/views/assets/back-icon-mask.png
2021-03-11 06:11:12 +0000  copying file ./assets/node_modules/css-select/lib/procedure.json ... 
2021-03-11 06:11:12 +0000  145 bytes for ./assets/node_modules/css-select/lib/procedure.json
2021-03-11 06:11:12 +0000  copying file ./assets/node_modules/mdn-data/css/at-rules.json ... 
2021-03-11 06:11:12 +0000  16632 bytes for ./assets/node_modules/mdn-data/css/at-rules.json
copying file ./assets/node_modules/mdn-data/css/properties.json ... 
2021-03-11 06:11:12 +0000  265782 bytes for ./assets/node_modules/mdn-data/css/properties.json
copying file ./assets/node_modules/mdn-data/css/syntaxes.json ... 
2021-03-11 06:11:12 +0000  26634 bytes for ./assets/node_modules/mdn-data/css/syntaxes.json
2021-03-11 06:11:12 +0000  copying file ./assets/node_modules/entities/maps/xml.json ... 
2021-03-11 06:11:12 +0000  53 bytes for ./assets/node_modules/entities/maps/xml.json
copying file ./assets/node_modules/entities/maps/decode.json ... 
2021-03-11 06:11:12 +0000  298 bytes for ./assets/node_modules/entities/maps/decode.json
copying file ./assets/node_modules/entities/maps/entities.json ... 
2021-03-11 06:11:12 +0000  40616 bytes for ./assets/node_modules/entities/maps/entities.json
copying file ./assets/node_modules/entities/maps/legacy.json ... 
2021-03-11 06:11:12 +0000  1747 bytes for ./assets/node_modules/entities/maps/legacy.json
2021-03-11 06:11:12 +0000  copying file ./assets/src/components/Card/CategoryCard/images/category-2.png ... 
2021-03-11 06:11:12 +0000  8437 bytes for ./assets/src/components/Card/CategoryCard/images/category-2.png
copying file ./assets/src/components/Card/CategoryCard/images/category-2.jpg ... 
2021-03-11 06:11:12 +0000  17948 bytes for ./assets/src/components/Card/CategoryCard/images/category-2.jpg
copying file ./assets/src/components/Card/CategoryCard/images/category-3.jpg ... 
2021-03-11 06:11:12 +0000  16627 bytes for ./assets/src/components/Card/CategoryCard/images/category-3.jpg
2021-03-11 06:11:12 +0000  copying file ./assets/src/components/Card/CategoryCard/images/category-3.png ... 
2021-03-11 06:11:12 +0000  6265 bytes for ./assets/src/components/Card/CategoryCard/images/category-3.png
copying file ./assets/src/components/Card/CategoryCard/images/category-1.png ... 
2021-03-11 06:11:12 +0000  8916 bytes for ./assets/src/components/Card/CategoryCard/images/category-1.png
copying file ./assets/src/components/Card/CategoryCard/images/category-1.jpg ... 
2021-03-11 06:11:12 +0000  18709 bytes for ./assets/src/components/Card/CategoryCard/images/category-1.jpg
copying file ./assets/src/components/Card/CategoryCard/images/category-4@3x.png ... 
2021-03-11 06:11:12 +0000  60943 bytes for ./assets/src/components/Card/CategoryCard/images/category-4@3x.png
copying file ./assets/src/components/Card/CategoryCard/images/category-4@2x.png ... 
2021-03-11 06:11:12 +0000  29164 bytes for ./assets/src/components/Card/CategoryCard/images/category-4@2x.png
2021-03-11 06:11:12 +0000  copying file ./assets/src/components/Card/CategoryCard/images/category-4.png ... 
2021-03-11 06:11:12 +0000  8979 bytes for ./assets/src/components/Card/CategoryCard/images/category-4.png
copying file ./assets/src/components/Card/CategoryCard/images/category-4.jpg ... 
2021-03-11 06:11:12 +0000  17989 bytes for ./assets/src/components/Card/CategoryCard/images/category-4.jpg
copying file ./assets/src/components/Card/CategoryCard/images/category-5.jpg ... 
2021-03-11 06:11:12 +0000  19434 bytes for ./assets/src/components/Card/CategoryCard/images/category-5.jpg
2021-03-11 06:11:12 +0000  copying file ./assets/src/components/Card/CategoryCard/images/category-5.png ... 
2021-03-11 06:11:12 +0000  6282 bytes for ./assets/src/components/Card/CategoryCard/images/category-5.png
copying file ./assets/src/components/Card/CategoryCard/images/category-2@3x.png ... 
2021-03-11 06:11:12 +0000  58942 bytes for ./assets/src/components/Card/CategoryCard/images/category-2@3x.png
copying file ./assets/src/components/Card/CategoryCard/images/category-2@2x.png ... 
2021-03-11 06:11:12 +0000  27670 bytes for ./assets/src/components/Card/CategoryCard/images/category-2@2x.png
copying file ./assets/src/components/Card/CategoryCard/images/category-5@3x.png ... 
2021-03-11 06:11:12 +0000  38413 bytes for ./assets/src/components/Card/CategoryCard/images/category-5@3x.png
copying file ./assets/src/components/Card/CategoryCard/images/category-5@2x.png ... 
2021-03-11 06:11:12 +0000  19356 bytes for ./assets/src/components/Card/CategoryCard/images/category-5@2x.png
copying file ./assets/src/components/Card/CategoryCard/images/category-1@2x.png ... 
2021-03-11 06:11:12 +0000  30388 bytes for ./assets/src/components/Card/CategoryCard/images/category-1@2x.png
copying file ./assets/src/components/Card/CategoryCard/images/category-3@3x.png ... 
2021-03-11 06:11:12 +0000  39112 bytes for ./assets/src/components/Card/CategoryCard/images/category-3@3x.png
copying file ./assets/src/components/Card/CategoryCard/images/category-3@2x.png ... 
2021-03-11 06:11:12 +0000  19002 bytes for ./assets/src/components/Card/CategoryCard/images/category-3@2x.png
copying file ./assets/src/components/Card/CategoryCard/images/category-1@3x.png ... 
2021-03-11 06:11:12 +0000  65598 bytes for ./assets/src/components/Card/CategoryCard/images/category-1@3x.png
2021-03-11 06:11:12 +0000  copying file ./assets/src/assets/images/onboarding-4.jpg ... 
2021-03-11 06:11:12 +0000  48001 bytes for ./assets/src/assets/images/onboarding-4.jpg
copying file ./assets/src/assets/images/onboarding-4.png ... 
2021-03-11 06:11:12 +0000  53666 bytes for ./assets/src/assets/images/onboarding-4.png
copying file ./assets/src/assets/images/onboarding-5.png ... 
2021-03-11 06:11:12 +0000  53954 bytes for ./assets/src/assets/images/onboarding-5.png
2021-03-11 06:11:12 +0000  copying file ./assets/src/assets/images/onboarding-5.jpg ... 
2021-03-11 06:11:12 +0000  47906 bytes for ./assets/src/assets/images/onboarding-5.jpg
copying file ./assets/src/assets/images/onboarding-7.jpg ... 
2021-03-11 06:11:12 +0000  63136 bytes for ./assets/src/assets/images/onboarding-7.jpg
copying file ./assets/src/assets/images/onboarding-7.png ... 
2021-03-11 06:11:12 +0000  117187 bytes for ./assets/src/assets/images/onboarding-7.png
copying file ./assets/src/assets/images/onboarding-4@2x.png ... 
2021-03-11 06:11:12 +0000  174831 bytes for ./assets/src/assets/images/onboarding-4@2x.png
copying file ./assets/src/assets/images/onboarding-6@3x.png ... 
2021-03-11 06:11:12 +0000  380603 bytes for ./assets/src/assets/images/onboarding-6@3x.png
copying file ./assets/src/assets/images/onboarding-6.png ... 
2021-03-11 06:11:12 +0000  57526 bytes for ./assets/src/assets/images/onboarding-6.png
copying file ./assets/src/assets/images/onboarding-6.jpg ... 
2021-03-11 06:11:12 +0000  40677 bytes for ./assets/src/assets/images/onboarding-6.jpg
copying file ./assets/src/assets/images/onboarding-2.jpg ... 
2021-03-11 06:11:12 +0000  40904 bytes for ./assets/src/assets/images/onboarding-2.jpg
copying file ./assets/src/assets/images/onboarding-2.png ... 
2021-03-11 06:11:12 +0000  56453 bytes for ./assets/src/assets/images/onboarding-2.png
copying file ./assets/src/assets/images/onboarding-6@2x.png ... 
2021-03-11 06:11:12 +0000  189471 bytes for ./assets/src/assets/images/onboarding-6@2x.png
copying file ./assets/src/assets/images/onboarding-4@3x.png ... 
2021-03-11 06:11:12 +0000  339299 bytes for ./assets/src/assets/images/onboarding-4@3x.png
copying file ./assets/src/assets/images/onboarding-3.png ... 
2021-03-11 06:11:12 +0000  61905 bytes for ./assets/src/assets/images/onboarding-3.png
copying file ./assets/src/assets/images/onboarding-3.jpg ... 
2021-03-11 06:11:12 +0000  45450 bytes for ./assets/src/assets/images/onboarding-3.jpg
copying file ./assets/src/assets/images/onboarding-1.png ... 
2021-03-11 06:11:12 +0000  129190 bytes for ./assets/src/assets/images/onboarding-1.png
copying file ./assets/src/assets/images/onboarding-2@2x.png ... 
2021-03-11 06:11:12 +0000  187931 bytes for ./assets/src/assets/images/onboarding-2@2x.png
copying file ./assets/src/assets/images/onboarding-2@3x.png ... 
2021-03-11 06:11:12 +0000  375136 bytes for ./assets/src/assets/images/onboarding-2@3x.png
2021-03-11 06:11:12 +0000  copying file ./assets/src/assets/images/onboarding-7@3x.png ... 
2021-03-11 06:11:12 +0000  814927 bytes for ./assets/src/assets/images/onboarding-7@3x.png
copying file ./assets/src/assets/images/onboarding-5@2x.png ... 
2021-03-11 06:11:12 +0000  184539 bytes for ./assets/src/assets/images/onboarding-5@2x.png
copying file ./assets/src/assets/images/webpage-logo.png ... 
2021-03-11 06:11:12 +0000  690910 bytes for ./assets/src/assets/images/webpage-logo.png
copying file ./assets/src/assets/images/webpage-logo.jpg ... 
2021-03-11 06:11:12 +0000  76734 bytes for ./assets/src/assets/images/webpage-logo.jpg
copying file ./assets/src/assets/images/logo@3x.png ... 
2021-03-11 06:11:12 +0000  172368 bytes for ./assets/src/assets/images/logo@3x.png
copying file ./assets/src/assets/images/logo.png ... 
2021-03-11 06:11:12 +0000  21470 bytes for ./assets/src/assets/images/logo.png
copying file ./assets/src/assets/images/logo@2x.png ... 
2021-03-11 06:11:12 +0000  48673 bytes for ./assets/src/assets/images/logo@2x.png
copying file ./assets/src/assets/images/onboarding-5@3x.png ... 
2021-03-11 06:11:12 +0000  378307 bytes for ./assets/src/assets/images/onboarding-5@3x.png
copying file ./assets/src/assets/images/onboarding-7@2x.png ... 
2021-03-11 06:11:12 +0000  406874 bytes for ./assets/src/assets/images/onboarding-7@2x.png
2021-03-11 06:11:12 +0000  copying file ./assets/src/assets/images/onboarding-3@2x.png ... 
2021-03-11 06:11:12 +0000  209932 bytes for ./assets/src/assets/images/onboarding-3@2x.png
copying file ./assets/src/assets/images/onboarding-1@3x.png ... 
2021-03-11 06:11:12 +0000  1113569 bytes for ./assets/src/assets/images/onboarding-1@3x.png
copying file ./assets/src/assets/images/onboarding-1@2x.png ... 
2021-03-11 06:11:12 +0000  516798 bytes for ./assets/src/assets/images/onboarding-1@2x.png
copying file ./assets/src/assets/images/onboarding-3@3x.png ... 
2021-03-11 06:11:12 +0000  423804 bytes for ./assets/src/assets/images/onboarding-3@3x.png
2021-03-11 06:11:12 +0000  copying file ./AppIcon20x20@2x~ipad.png ... 
2021-03-11 06:11:12 +0000  5116 bytes for ./AppIcon20x20@2x~ipad.png
2021-03-11 06:11:12 +0000  copying file ./IBMPlexSans-Regular.ttf ... 
2021-03-11 06:11:12 +0000  181492 bytes for ./IBMPlexSans-Regular.ttf
copying file ./Info.plist ... 
2021-03-11 06:11:12 +0000  4535 bytes for ./Info.plist
copying file ./PkgInfo ... 
2021-03-11 06:11:12 +0000  8 bytes for ./PkgInfo
2021-03-11 06:11:12 +0000  copying file ./AppIcon76x76~ipad.png ... 
2021-03-11 06:11:12 +0000  9954 bytes for ./AppIcon76x76~ipad.png
copying file ./IBMPlexSans-Bold.ttf ... 
2021-03-11 06:11:12 +0000  181468 bytes for ./IBMPlexSans-Bold.ttf
2021-03-11 06:11:12 +0000  /usr/bin/ditto exited with 0
2021-03-11 06:11:12 +0000  Processing step: IDEDistributionEmbedProfileStep
2021-03-11 06:11:12 +0000  Skipping profile for item: <IDEDistributionItem: 0x7f81a9665e30; bundleID='com.apple.dt.runtime.swiftCore', path='<DVTFilePath:0x7f81a96255f0:'/Users/romanarkan/Library/Developer/Xcode/Archives/2021-03-11/solapro 11.03.2021, 08.09.xcarchive/Products/Applications/Sola Pro.app/Frameworks/libswiftCore.dylib'>', codeSigningInfo='<_DVTCodeSigningInformation_Path: 0x7f81a96656e0; isSigned='1', isAdHocSigned='0', signingCertificate='<DVTSigningCertificate: 0x7f81d2c44aa0; name='Apple Development: Roman Arkan (JMPDPW9UA9)', hash='0D3205288C7D02AA2FD8B02BCD978C41C11F94D5', serialNumber='6D417E244F396280', certificateKinds='(
    "1.2.840.113635.100.6.1.12",
    "1.2.840.113635.100.6.1.2"
), issueDate='2021-01-06 22:06:55 +0000''>', entitlements='(null)', teamID='C2LP6YW52B', identifier='com.apple.dt.runtime.swiftCore', executablePath='<DVTFilePath:0x7f81a96255f0:'/Users/romanarkan/Library/Developer/Xcode/Archives/2021-03-11/solapro 11.03.2021, 08.09.xcarchive/Products/Applications/Sola Pro.app/Frameworks/libswiftCore.dylib'>', hardenedRuntime='0'>'>
2021-03-11 06:11:12 +0000  Processing step: IDEDistributionInfoPlistStep
2021-03-11 06:11:12 +0000  Skipping step: IDEDistributionInfoPlistStep because it said so
2021-03-11 06:11:12 +0000  Skipping step: IDEDistributionInfoPlistStep because it said so
2021-03-11 06:11:12 +0000  Processing step: IDEDistributionAppThinningPlistStep
2021-03-11 06:11:12 +0000  Skipping step: IDEDistributionAppThinningPlistStep because it said so
2021-03-11 06:11:12 +0000  Processing step: IDEDistributionCompileBitcodeStep
2021-03-11 06:11:12 +0000  Skipping step: IDEDistributionCompileBitcodeStep because it said so
2021-03-11 06:11:12 +0000  Processing step: IDEDistributionCodeSlimmingStep
2021-03-11 06:11:12 +0000  Processing step: IDEDistributionCopyBCSymbolMapsStep
2021-03-11 06:11:12 +0000  Skipping step: IDEDistributionCopyBCSymbolMapsStep because it said so
2021-03-11 06:11:12 +0000  Skipping step: IDEDistributionCopyBCSymbolMapsStep because it said so
2021-03-11 06:11:12 +0000  Processing step: IDEDistributionSymbolsStep
2021-03-11 06:11:12 +0000  Skipping step: IDEDistributionSymbolsStep because it said so
2021-03-11 06:11:12 +0000  Skipping step: IDEDistributionSymbolsStep because it said so
2021-03-11 06:11:12 +0000  Processing step: IDEDistributionAppThinningStep
2021-03-11 06:11:12 +0000  Skipping step: IDEDistributionAppThinningStep because it said so
2021-03-11 06:11:12 +0000  Processing step: IDEDistributionArchThinningStep
2021-03-11 06:11:12 +0000  Running /Users/romanarkan/Downloads/Xcode.app/Contents/Developer/Toolchains/XcodeDefault.xctoolchain/usr/bin/lipo '/var/folders/y2/h7p5l8bn6zd8z5l6wnbhd7jc0000gp/T/XcodeDistPipeline.~~~mqaq4E/Root/Payload/Sola Pro.app/Frameworks/libswiftCore.dylib' '-verify_arch' 'arm64e'
2021-03-11 06:11:12 +0000  /Users/romanarkan/Downloads/Xcode.app/Contents/Developer/Toolchains/XcodeDefault.xctoolchain/usr/bin/lipo exited with 0
2021-03-11 06:11:12 +0000  Running /Users/romanarkan/Downloads/Xcode.app/Contents/Developer/Toolchains/XcodeDefault.xctoolchain/usr/bin/lipo '/var/folders/y2/h7p5l8bn6zd8z5l6wnbhd7jc0000gp/T/XcodeDistPipeline.~~~mqaq4E/Root/Payload/Sola Pro.app/Frameworks/libswiftCore.dylib' '-remove' 'arm64e' '-output' '/var/folders/y2/h7p5l8bn6zd8z5l6wnbhd7jc0000gp/T/XcodeDistPipeline.~~~mqaq4E/Root/Payload/Sola Pro.app/Frameworks/libswiftCore.dylib'
2021-03-11 06:11:12 +0000  /Users/romanarkan/Downloads/Xcode.app/Contents/Developer/Toolchains/XcodeDefault.xctoolchain/usr/bin/lipo exited with 0
2021-03-11 06:11:12 +0000  Successfully thinned item "libswiftCore.dylib", arch "arm64e"
2021-03-11 06:11:12 +0000  Running /Users/romanarkan/Downloads/Xcode.app/Contents/Developer/Toolchains/XcodeDefault.xctoolchain/usr/bin/lipo '/var/folders/y2/h7p5l8bn6zd8z5l6wnbhd7jc0000gp/T/XcodeDistPipeline.~~~mqaq4E/Root/Payload/Sola Pro.app/Sola Pro' '-verify_arch' 'arm64e'
2021-03-11 06:11:12 +0000  /Users/romanarkan/Downloads/Xcode.app/Contents/Developer/Toolchains/XcodeDefault.xctoolchain/usr/bin/lipo exited with 1
2021-03-11 06:11:12 +0000  Skipping architecture thinning for item "Sola Pro" because arch "arm64e" wasn't found
2021-03-11 06:11:12 +0000  Processing step: IDEDistributionODRStep
2021-03-11 06:11:12 +0000  Processing step: IDEDistributionStripXattrsStep
2021-03-11 06:11:12 +0000  Skipping stripping extended attributes of item: <IDEDistributionItem: 0x7f81a9665e30; bundleID='com.apple.dt.runtime.swiftCore', path='<DVTFilePath:0x7f81a96255f0:'/Users/romanarkan/Library/Developer/Xcode/Archives/2021-03-11/solapro 11.03.2021, 08.09.xcarchive/Products/Applications/Sola Pro.app/Frameworks/libswiftCore.dylib'>', codeSigningInfo='<_DVTCodeSigningInformation_Path: 0x7f81a96656e0; isSigned='1', isAdHocSigned='0', signingCertificate='<DVTSigningCertificate: 0x7f81d2c44aa0; name='Apple Development: Roman Arkan (JMPDPW9UA9)', hash='0D3205288C7D02AA2FD8B02BCD978C41C11F94D5', serialNumber='6D417E244F396280', certificateKinds='(
    "1.2.840.113635.100.6.1.12",
    "1.2.840.113635.100.6.1.2"
), issueDate='2021-01-06 22:06:55 +0000''>', entitlements='(null)', teamID='C2LP6YW52B', identifier='com.apple.dt.runtime.swiftCore', executablePath='<DVTFilePath:0x7f81a96255f0:'/Users/romanarkan/Library/Developer/Xcode/Archives/2021-03-11/solapro 11.03.2021, 08.09.xcarchive/Products/Applications/Sola Pro.app/Frameworks/libswiftCore.dylib'>', hardenedRuntime='0'>'>
2021-03-11 06:11:12 +0000  Running /usr/bin/xattr '-crs' '/var/folders/y2/h7p5l8bn6zd8z5l6wnbhd7jc0000gp/T/XcodeDistPipeline.~~~mqaq4E/Root/Payload/Sola Pro.app'
2021-03-11 06:11:12 +0000  /usr/bin/xattr exited with 0
2021-03-11 06:11:12 +0000  Processing step: IDEDistributionCodesignStep
2021-03-11 06:11:12 +0000  Entitlements for <IDEDistributionItem: 0x7f81a9665e30; bundleID='com.apple.dt.runtime.swiftCore', path='<DVTFilePath:0x7f81a96255f0:'/Users/romanarkan/Library/Developer/Xcode/Archives/2021-03-11/solapro 11.03.2021, 08.09.xcarchive/Products/Applications/Sola Pro.app/Frameworks/libswiftCore.dylib'>', codeSigningInfo='<_DVTCodeSigningInformation_Path: 0x7f81a96656e0; isSigned='1', isAdHocSigned='0', signingCertificate='<DVTSigningCertificate: 0x7f81d2c44aa0; name='Apple Development: Roman Arkan (JMPDPW9UA9)', hash='0D3205288C7D02AA2FD8B02BCD978C41C11F94D5', serialNumber='6D417E244F396280', certificateKinds='(
    "1.2.840.113635.100.6.1.12",
    "1.2.840.113635.100.6.1.2"
), issueDate='2021-01-06 22:06:55 +0000''>', entitlements='(null)', teamID='C2LP6YW52B', identifier='com.apple.dt.runtime.swiftCore', executablePath='<DVTFilePath:0x7f81a96255f0:'/Users/romanarkan/Library/Developer/Xcode/Archives/2021-03-11/solapro 11.03.2021, 08.09.xcarchive/Products/Applications/Sola Pro.app/Frameworks/libswiftCore.dylib'>', hardenedRuntime='0'>'>: {
}
2021-03-11 06:11:12 +0000  Writing entitlements for <IDEDistributionItem: 0x7f81a9665e30; bundleID='com.apple.dt.runtime.swiftCore', path='<DVTFilePath:0x7f81a96255f0:'/Users/romanarkan/Library/Developer/Xcode/Archives/2021-03-11/solapro 11.03.2021, 08.09.xcarchive/Products/Applications/Sola Pro.app/Frameworks/libswiftCore.dylib'>', codeSigningInfo='<_DVTCodeSigningInformation_Path: 0x7f81a96656e0; isSigned='1', isAdHocSigned='0', signingCertificate='<DVTSigningCertificate: 0x7f81ce9e0410; name='Apple Development: Roman Arkan (JMPDPW9UA9)', hash='0D3205288C7D02AA2FD8B02BCD978C41C11F94D5', serialNumber='6D417E244F396280', certificateKinds='(
    "1.2.840.113635.100.6.1.12",
    "1.2.840.113635.100.6.1.2"
), issueDate='2021-01-06 22:06:55 +0000''>', entitlements='(null)', teamID='C2LP6YW52B', identifier='com.apple.dt.runtime.swiftCore', executablePath='<DVTFilePath:0x7f81a96255f0:'/Users/romanarkan/Library/Developer/Xcode/Archives/2021-03-11/solapro 11.03.2021, 08.09.xcarchive/Products/Applications/Sola Pro.app/Frameworks/libswiftCore.dylib'>', hardenedRuntime='0'>'> to: /var/folders/y2/h7p5l8bn6zd8z5l6wnbhd7jc0000gp/T/XcodeDistPipeline.~~~mqaq4E/entitlements~~~syu2ll
2021-03-11 06:11:12 +0000  Running /usr/bin/codesign '-vvv' '--force' '--sign' '68C223D912674E59F66CE9F24B015EA5820BC92A' '--entitlements' '/var/folders/y2/h7p5l8bn6zd8z5l6wnbhd7jc0000gp/T/XcodeDistPipeline.~~~mqaq4E/entitlements~~~syu2ll' '--preserve-metadata=identifier,flags,runtime' '/var/folders/y2/h7p5l8bn6zd8z5l6wnbhd7jc0000gp/T/XcodeDistPipeline.~~~mqaq4E/Root/Payload/Sola Pro.app/Frameworks/libswiftCore.dylib'
2021-03-11 06:11:13 +0000  /var/folders/y2/h7p5l8bn6zd8z5l6wnbhd7jc0000gp/T/XcodeDistPipeline.~~~mqaq4E/Root/Payload/Sola Pro.app/Frameworks/libswiftCore.dylib: replacing existing signature
2021-03-11 06:11:13 +0000  /var/folders/y2/h7p5l8bn6zd8z5l6wnbhd7jc0000gp/T/XcodeDistPipeline.~~~mqaq4E/Root/Payload/Sola Pro.app/Frameworks/libswiftCore.dylib: signed Mach-O universal (armv7 armv7s arm64) [com.apple.dt.runtime.swiftCore]
2021-03-11 06:11:13 +0000  /usr/bin/codesign exited with 0
2021-03-11 06:11:13 +0000  Entitlements for <IDEDistributionItem: 0x7f81a955ea70; bundleID='com.solaprofessionalv2', path='<DVTFilePath:0x7f81bc96b3e0:'/Users/romanarkan/Library/Developer/Xcode/Archives/2021-03-11/solapro 11.03.2021, 08.09.xcarchive/Products/Applications/Sola Pro.app'>', codeSigningInfo='<_DVTCodeSigningInformation_Path: 0x7f81a9666490; isSigned='1', isAdHocSigned='0', signingCertificate='<DVTSigningCertificate: 0x7f81d2c44aa0; name='Apple Development: Roman Arkan (JMPDPW9UA9)', hash='0D3205288C7D02AA2FD8B02BCD978C41C11F94D5', serialNumber='6D417E244F396280', certificateKinds='(
    "1.2.840.113635.100.6.1.12",
    "1.2.840.113635.100.6.1.2"
), issueDate='2021-01-06 22:06:55 +0000''>', entitlements='{
    "application-identifier" = "C2LP6YW52B.com.solaprofessionalv2";
    "aps-environment" = development;
    "com.apple.developer.associated-domains" =     (
        "solapro.co",
        "applinks:solapro-alternate.app.link",
        "applinks:solapro.app.link",
        "applinks:solapro.test-app.link",
        "applinks:solapro-alternate.test-app.link"
    );
    "com.apple.developer.team-identifier" = C2LP6YW52B;
    "get-task-allow" = 1;
}', teamID='C2LP6YW52B', identifier='com.solaprofessionalv2', executablePath='<DVTFilePath:0x7f81a8750030:'/Users/romanarkan/Library/Developer/Xcode/Archives/2021-03-11/solapro 11.03.2021, 08.09.xcarchive/Products/Applications/Sola Pro.app/Sola Pro'>', hardenedRuntime='0'>'>: {
    "application-identifier" = "C2LP6YW52B.com.solaprofessionalv2";
    "aps-environment" = production;
    "com.apple.developer.associated-domains" =     (
        "solapro.co",
        "applinks:solapro-alternate.app.link",
        "applinks:solapro.app.link",
        "applinks:solapro.test-app.link",
        "applinks:solapro-alternate.test-app.link"
    );
    "com.apple.developer.team-identifier" = C2LP6YW52B;
    "get-task-allow" = 0;
}
2021-03-11 06:11:13 +0000  Writing entitlements for <IDEDistributionItem: 0x7f81a955ea70; bundleID='com.solaprofessionalv2', path='<DVTFilePath:0x7f81bc96b3e0:'/Users/romanarkan/Library/Developer/Xcode/Archives/2021-03-11/solapro 11.03.2021, 08.09.xcarchive/Products/Applications/Sola Pro.app'>', codeSigningInfo='<_DVTCodeSigningInformation_Path: 0x7f81a9666490; isSigned='1', isAdHocSigned='0', signingCertificate='<DVTSigningCertificate: 0x7f81bc308c50; name='Apple Development: Roman Arkan (JMPDPW9UA9)', hash='0D3205288C7D02AA2FD8B02BCD978C41C11F94D5', serialNumber='6D417E244F396280', certificateKinds='(
    "1.2.840.113635.100.6.1.12",
    "1.2.840.113635.100.6.1.2"
), issueDate='2021-01-06 22:06:55 +0000''>', entitlements='{
    "application-identifier" = "C2LP6YW52B.com.solaprofessionalv2";
    "aps-environment" = development;
    "com.apple.developer.associated-domains" =     (
        "solapro.co",
        "applinks:solapro-alternate.app.link",
        "applinks:solapro.app.link",
        "applinks:solapro.test-app.link",
        "applinks:solapro-alternate.test-app.link"
    );
    "com.apple.developer.team-identifier" = C2LP6YW52B;
    "get-task-allow" = 1;
}', teamID='C2LP6YW52B', identifier='com.solaprofessionalv2', executablePath='<DVTFilePath:0x7f81a8750030:'/Users/romanarkan/Library/Developer/Xcode/Archives/2021-03-11/solapro 11.03.2021, 08.09.xcarchive/Products/Applications/Sola Pro.app/Sola Pro'>', hardenedRuntime='0'>'> to: /var/folders/y2/h7p5l8bn6zd8z5l6wnbhd7jc0000gp/T/XcodeDistPipeline.~~~mqaq4E/entitlements~~~ouqiRa
2021-03-11 06:11:13 +0000  Running /usr/bin/codesign '-vvv' '--force' '--sign' '68C223D912674E59F66CE9F24B015EA5820BC92A' '--entitlements' '/var/folders/y2/h7p5l8bn6zd8z5l6wnbhd7jc0000gp/T/XcodeDistPipeline.~~~mqaq4E/entitlements~~~ouqiRa' '--preserve-metadata=identifier,flags,runtime' '/var/folders/y2/h7p5l8bn6zd8z5l6wnbhd7jc0000gp/T/XcodeDistPipeline.~~~mqaq4E/Root/Payload/Sola Pro.app'
2021-03-11 06:11:13 +0000  /var/folders/y2/h7p5l8bn6zd8z5l6wnbhd7jc0000gp/T/XcodeDistPipeline.~~~mqaq4E/Root/Payload/Sola Pro.app: replacing existing signature
2021-03-11 06:11:13 +0000  /var/folders/y2/h7p5l8bn6zd8z5l6wnbhd7jc0000gp/T/XcodeDistPipeline.~~~mqaq4E/Root/Payload/Sola Pro.app: signed app bundle with Mach-O universal (armv7 arm64) [com.solaprofessionalv2]
2021-03-11 06:11:13 +0000  /usr/bin/codesign exited with 0
2021-03-11 06:11:13 +0000  Processing step: IDEDistributionZipODRItemStep
2021-03-11 06:11:13 +0000  Skipping step: IDEDistributionZipODRItemStep because it said so
2021-03-11 06:11:13 +0000  Skipping step: IDEDistributionZipODRItemStep because it said so
2021-03-11 06:11:13 +0000  Processing step: IDEDistributionCreateIPAStep
2021-03-11 06:11:13 +0000  Running /usr/bin/ditto '-V' '-c' '-k' '--norsrc' '/var/folders/y2/h7p5l8bn6zd8z5l6wnbhd7jc0000gp/T/XcodeDistPipeline.~~~mqaq4E/Root' '/var/folders/y2/h7p5l8bn6zd8z5l6wnbhd7jc0000gp/T/XcodeDistPipeline.~~~mqaq4E/Packages/solapro.ipa'
2021-03-11 06:11:13 +0000  >>> Copying /var/folders/y2/h7p5l8bn6zd8z5l6wnbhd7jc0000gp/T/XcodeDistPipeline.~~~mqaq4E/Root 
2021-03-11 06:11:13 +0000  copying file ./Payload/Sola Pro.app/Sola Pro.entitlements ... 
2021-03-11 06:11:13 +0000  285 bytes for ./Payload/Sola Pro.app/Sola Pro.entitlements
2021-03-11 06:11:13 +0000  copying file ./Payload/Sola Pro.app/_CodeSignature/CodeResources ... 
2021-03-11 06:11:13 +0000  39955 bytes for ./Payload/Sola Pro.app/_CodeSignature/CodeResources
copying file ./Payload/Sola Pro.app/AppIcon20x20@2x.png ... 
2021-03-11 06:11:13 +0000  5116 bytes for ./Payload/Sola Pro.app/AppIcon20x20@2x.png
2021-03-11 06:11:13 +0000  copying file ./Payload/Sola Pro.app/SplashScreen.storyboardc/01J-lp-oVM-view-Ze5-6b-2t3.nib ... 
2021-03-11 06:11:13 +0000  3200 bytes for ./Payload/Sola Pro.app/SplashScreen.storyboardc/01J-lp-oVM-view-Ze5-6b-2t3.nib
copying file ./Payload/Sola Pro.app/SplashScreen.storyboardc/UIViewController-01J-lp-oVM.nib ... 
2021-03-11 06:11:13 +0000  896 bytes for ./Payload/Sola Pro.app/SplashScreen.storyboardc/UIViewController-01J-lp-oVM.nib
copying file ./Payload/Sola Pro.app/SplashScreen.storyboardc/Info.plist ... 
258 bytes for ./Payload/Sola Pro.app/SplashScreen.storyboardc/Info.plist
2021-03-11 06:11:13 +0000  copying file ./Payload/Sola Pro.app/AppIcon57x57.png ... 
2021-03-11 06:11:13 +0000  6523 bytes for ./Payload/Sola Pro.app/AppIcon57x57.png
copying file ./Payload/Sola Pro.app/AppIcon20x20@3x.png ... 
2021-03-11 06:11:13 +0000  8857 bytes for ./Payload/Sola Pro.app/AppIcon20x20@3x.png
2021-03-11 06:11:13 +0000  copying file ./Payload/Sola Pro.app/WKYTPlayerView.bundle/Assets/YTPlayerView-iframe-player.html ... 
2763 bytes for ./Payload/Sola Pro.app/WKYTPlayerView.bundle/Assets/YTPlayerView-iframe-player.html
2021-03-11 06:11:13 +0000  copying file ./Payload/Sola Pro.app/AppIcon29x29.png ... 
2394 bytes for ./Payload/Sola Pro.app/AppIcon29x29.png
2021-03-11 06:11:13 +0000  copying file ./Payload/Sola Pro.app/AppIcon60x60@2x.png ... 
2021-03-11 06:11:13 +0000  17785 bytes for ./Payload/Sola Pro.app/AppIcon60x60@2x.png
copying file ./Payload/Sola Pro.app/AppIcon72x72@2x~ipad.png ... 
2021-03-11 06:11:13 +0000  22502 bytes for ./Payload/Sola Pro.app/AppIcon72x72@2x~ipad.png
copying file ./Payload/Sola Pro.app/AppIcon29x29@2x.png ... 
2021-03-11 06:11:13 +0000  6704 bytes for ./Payload/Sola Pro.app/AppIcon29x29@2x.png
copying file ./Payload/Sola Pro.app/AppIcon40x40@3x.png ... 
2021-03-11 06:11:13 +0000  17785 bytes for ./Payload/Sola Pro.app/AppIcon40x40@3x.png
copying file ./Payload/Sola Pro.app/AppIcon57x57@2x.png ... 
2021-03-11 06:11:13 +0000  16409 bytes for ./Payload/Sola Pro.app/AppIcon57x57@2x.png
copying file ./Payload/Sola Pro.app/AppIcon29x29~ipad.png ... 
2021-03-11 06:11:13 +0000  2394 bytes for ./Payload/Sola Pro.app/AppIcon29x29~ipad.png
copying file ./Payload/Sola Pro.app/AppIcon40x40@2x.png ... 
2021-03-11 06:11:13 +0000  10571 bytes for ./Payload/Sola Pro.app/AppIcon40x40@2x.png
copying file ./Payload/Sola Pro.app/AppIcon29x29@3x.png ... 
2021-03-11 06:11:13 +0000  11852 bytes for ./Payload/Sola Pro.app/AppIcon29x29@3x.png
copying file ./Payload/Sola Pro.app/GoogleService-Info.plist ... 
2021-03-11 06:11:13 +0000  844 bytes for ./Payload/Sola Pro.app/GoogleService-Info.plist
copying file ./Payload/Sola Pro.app/AppIcon60x60@3x.png ... 
2021-03-11 06:11:13 +0000  29696 bytes for ./Payload/Sola Pro.app/AppIcon60x60@3x.png
copying file ./Payload/Sola Pro.app/Assets.car ... 
2021-03-11 06:11:13 +0000  2931519 bytes for ./Payload/Sola Pro.app/Assets.car
copying file ./Payload/Sola Pro.app/IBMPlexSans-SemiBold.ttf ... 
2021-03-11 06:11:13 +0000  182944 bytes for ./Payload/Sola Pro.app/IBMPlexSans-SemiBold.ttf
copying file ./Payload/Sola Pro.app/AppIcon40x40@2x~ipad.png ... 
2021-03-11 06:11:13 +0000  10571 bytes for ./Payload/Sola Pro.app/AppIcon40x40@2x~ipad.png
copying file ./Payload/Sola Pro.app/AppIcon76x76@2x~ipad.png ... 
2021-03-11 06:11:13 +0000  24017 bytes for ./Payload/Sola Pro.app/AppIcon76x76@2x~ipad.png
copying file ./Payload/Sola Pro.app/AppIcon72x72~ipad.png ... 
2021-03-11 06:11:13 +0000  9192 bytes for ./Payload/Sola Pro.app/AppIcon72x72~ipad.png
copying file ./Payload/Sola Pro.app/main.jsbundle ... 
2021-03-11 06:11:13 +0000  2954621 bytes for ./Payload/Sola Pro.app/main.jsbundle
2021-03-11 06:11:13 +0000  copying file ./Payload/Sola Pro.app/AppIcon83.5x83.5@2x~ipad.png ... 
2021-03-11 06:11:13 +0000  38598 bytes for ./Payload/Sola Pro.app/AppIcon83.5x83.5@2x~ipad.png
copying file ./Payload/Sola Pro.app/AppIcon50x50~ipad.png ... 
2021-03-11 06:11:13 +0000  5373 bytes for ./Payload/Sola Pro.app/AppIcon50x50~ipad.png
copying file ./Payload/Sola Pro.app/Sola Pro ... 
2021-03-11 06:11:14 +0000  11402112 bytes for ./Payload/Sola Pro.app/Sola Pro
copying file ./Payload/Sola Pro.app/AppIcon29x29@2x~ipad.png ... 
2021-03-11 06:11:14 +0000  6704 bytes for ./Payload/Sola Pro.app/AppIcon29x29@2x~ipad.png
copying file ./Payload/Sola Pro.app/AppIcon50x50@2x~ipad.png ... 
2021-03-11 06:11:14 +0000  14355 bytes for ./Payload/Sola Pro.app/AppIcon50x50@2x~ipad.png
copying file ./Payload/Sola Pro.app/AppIcon40x40~ipad.png ... 
2021-03-11 06:11:14 +0000  3889 bytes for ./Payload/Sola Pro.app/AppIcon40x40~ipad.png
2021-03-11 06:11:14 +0000  copying file ./Payload/Sola Pro.app/Frameworks/libswiftCore.dylib ... 
2021-03-11 06:11:14 +0000  16915056 bytes for ./Payload/Sola Pro.app/Frameworks/libswiftCore.dylib
copying file ./Payload/Sola Pro.app/AppIcon20x20~ipad.png ... 
2021-03-11 06:11:14 +0000  2285 bytes for ./Payload/Sola Pro.app/AppIcon20x20~ipad.png
copying file ./Payload/Sola Pro.app/embedded.mobileprovision ... 
2021-03-11 06:11:14 +0000  13469 bytes for ./Payload/Sola Pro.app/embedded.mobileprovision
2021-03-11 06:11:14 +0000  copying file ./Payload/Sola Pro.app/assets/app.json ... 
2021-03-11 06:11:14 +0000  53 bytes for ./Payload/Sola Pro.app/assets/app.json
2021-03-11 06:11:14 +0000  copying file ./Payload/Sola Pro.app/assets/node_modules/css-tree/dist/default-syntax.json ... 
2021-03-11 06:11:14 +0000  57784 bytes for ./Payload/Sola Pro.app/assets/node_modules/css-tree/dist/default-syntax.json
2021-03-11 06:11:14 +0000  copying file ./Payload/Sola Pro.app/assets/node_modules/css-tree/package.json ... 
2190 bytes for ./Payload/Sola Pro.app/assets/node_modules/css-tree/package.json
2021-03-11 06:11:14 +0000  copying file ./Payload/Sola Pro.app/assets/node_modules/css-tree/data/patch.json ... 
2021-03-11 06:11:14 +0000  38173 bytes for ./Payload/Sola Pro.app/assets/node_modules/css-tree/data/patch.json
2021-03-11 06:11:14 +0000  copying file ./Payload/Sola Pro.app/assets/node_modules/react-native-branch/package.json ... 
2021-03-11 06:11:14 +0000  1732 bytes for ./Payload/Sola Pro.app/assets/node_modules/react-native-branch/package.json
copying file ./Payload/Sola Pro.app/assets/node_modules/dom-serializer/foreignNames.json ... 
2021-03-11 06:11:14 +0000  3149 bytes for ./Payload/Sola Pro.app/assets/node_modules/dom-serializer/foreignNames.json
2021-03-11 06:11:14 +0000  copying file ./Payload/Sola Pro.app/assets/node_modules/dom-serializer/node_modules/entities/lib/maps/xml.json ... 
2021-03-11 06:11:14 +0000  53 bytes for ./Payload/Sola Pro.app/assets/node_modules/dom-serializer/node_modules/entities/lib/maps/xml.json
copying file ./Payload/Sola Pro.app/assets/node_modules/dom-serializer/node_modules/entities/lib/maps/decode.json ... 
299 bytes for ./Payload/Sola Pro.app/assets/node_modules/dom-serializer/node_modules/entities/lib/maps/decode.json
copying file ./Payload/Sola Pro.app/assets/node_modules/dom-serializer/node_modules/entities/lib/maps/entities.json ... 
2021-03-11 06:11:14 +0000  32977 bytes for ./Payload/Sola Pro.app/assets/node_modules/dom-serializer/node_modules/entities/lib/maps/entities.json
2021-03-11 06:11:14 +0000  copying file ./Payload/Sola Pro.app/assets/node_modules/dom-serializer/node_modules/entities/lib/maps/legacy.json ... 
2021-03-11 06:11:14 +0000  1356 bytes for ./Payload/Sola Pro.app/assets/node_modules/dom-serializer/node_modules/entities/lib/maps/legacy.json
2021-03-11 06:11:14 +0000  copying file ./Payload/Sola Pro.app/assets/node_modules/@react-navigation/stack/src/views/assets/back-icon@3x.png ... 
2021-03-11 06:11:14 +0000  761 bytes for ./Payload/Sola Pro.app/assets/node_modules/@react-navigation/stack/src/views/assets/back-icon@3x.png
2021-03-11 06:11:14 +0000  copying file ./Payload/Sola Pro.app/assets/node_modules/@react-navigation/stack/src/views/assets/back-icon@2x.png ... 
2021-03-11 06:11:14 +0000  405 bytes for ./Payload/Sola Pro.app/assets/node_modules/@react-navigation/stack/src/views/assets/back-icon@2x.png
copying file ./Payload/Sola Pro.app/assets/node_modules/@react-navigation/stack/src/views/assets/back-icon.png ... 
2021-03-11 06:11:14 +0000  290 bytes for ./Payload/Sola Pro.app/assets/node_modules/@react-navigation/stack/src/views/assets/back-icon.png
copying file ./Payload/Sola Pro.app/assets/node_modules/@react-navigation/stack/src/views/assets/back-icon-mask.png ... 
2021-03-11 06:11:14 +0000  913 bytes for ./Payload/Sola Pro.app/assets/node_modules/@react-navigation/stack/src/views/assets/back-icon-mask.png
2021-03-11 06:11:14 +0000  copying file ./Payload/Sola Pro.app/assets/node_modules/css-select/lib/procedure.json ... 
2021-03-11 06:11:14 +0000  145 bytes for ./Payload/Sola Pro.app/assets/node_modules/css-select/lib/procedure.json
2021-03-11 06:11:14 +0000  copying file ./Payload/Sola Pro.app/assets/node_modules/mdn-data/css/at-rules.json ... 
2021-03-11 06:11:14 +0000  16632 bytes for ./Payload/Sola Pro.app/assets/node_modules/mdn-data/css/at-rules.json
2021-03-11 06:11:14 +0000  copying file ./Payload/Sola Pro.app/assets/node_modules/mdn-data/css/properties.json ... 
2021-03-11 06:11:14 +0000  265782 bytes for ./Payload/Sola Pro.app/assets/node_modules/mdn-data/css/properties.json
2021-03-11 06:11:14 +0000  copying file ./Payload/Sola Pro.app/assets/node_modules/mdn-data/css/syntaxes.json ... 
2021-03-11 06:11:14 +0000  26634 bytes for ./Payload/Sola Pro.app/assets/node_modules/mdn-data/css/syntaxes.json
2021-03-11 06:11:14 +0000  copying file ./Payload/Sola Pro.app/assets/node_modules/entities/maps/xml.json ... 
2021-03-11 06:11:14 +0000  53 bytes for ./Payload/Sola Pro.app/assets/node_modules/entities/maps/xml.json
copying file ./Payload/Sola Pro.app/assets/node_modules/entities/maps/decode.json ... 
2021-03-11 06:11:14 +0000  298 bytes for ./Payload/Sola Pro.app/assets/node_modules/entities/maps/decode.json
copying file ./Payload/Sola Pro.app/assets/node_modules/entities/maps/entities.json ... 
2021-03-11 06:11:14 +0000  40616 bytes for ./Payload/Sola Pro.app/assets/node_modules/entities/maps/entities.json
2021-03-11 06:11:14 +0000  copying file ./Payload/Sola Pro.app/assets/node_modules/entities/maps/legacy.json ... 
2021-03-11 06:11:14 +0000  1747 bytes for ./Payload/Sola Pro.app/assets/node_modules/entities/maps/legacy.json
2021-03-11 06:11:14 +0000  copying file ./Payload/Sola Pro.app/assets/src/components/Card/CategoryCard/images/category-2.png ... 
2021-03-11 06:11:14 +0000  8437 bytes for ./Payload/Sola Pro.app/assets/src/components/Card/CategoryCard/images/category-2.png
2021-03-11 06:11:14 +0000  copying file ./Payload/Sola Pro.app/assets/src/components/Card/CategoryCard/images/category-2.jpg ... 
2021-03-11 06:11:14 +0000  17948 bytes for ./Payload/Sola Pro.app/assets/src/components/Card/CategoryCard/images/category-2.jpg
2021-03-11 06:11:14 +0000  copying file ./Payload/Sola Pro.app/assets/src/components/Card/CategoryCard/images/category-3.jpg ... 
2021-03-11 06:11:14 +0000  16627 bytes for ./Payload/Sola Pro.app/assets/src/components/Card/CategoryCard/images/category-3.jpg
2021-03-11 06:11:14 +0000  copying file ./Payload/Sola Pro.app/assets/src/components/Card/CategoryCard/images/category-3.png ... 
2021-03-11 06:11:14 +0000  6265 bytes for ./Payload/Sola Pro.app/assets/src/components/Card/CategoryCard/images/category-3.png
2021-03-11 06:11:14 +0000  copying file ./Payload/Sola Pro.app/assets/src/components/Card/CategoryCard/images/category-1.png ... 
2021-03-11 06:11:14 +0000  8916 bytes for ./Payload/Sola Pro.app/assets/src/components/Card/CategoryCard/images/category-1.png
2021-03-11 06:11:14 +0000  copying file ./Payload/Sola Pro.app/assets/src/components/Card/CategoryCard/images/category-1.jpg ... 
2021-03-11 06:11:14 +0000  18709 bytes for ./Payload/Sola Pro.app/assets/src/components/Card/CategoryCard/images/category-1.jpg
2021-03-11 06:11:14 +0000  copying file ./Payload/Sola Pro.app/assets/src/components/Card/CategoryCard/images/category-4@3x.png ... 
2021-03-11 06:11:14 +0000  60943 bytes for ./Payload/Sola Pro.app/assets/src/components/Card/CategoryCard/images/category-4@3x.png
2021-03-11 06:11:14 +0000  copying file ./Payload/Sola Pro.app/assets/src/components/Card/CategoryCard/images/category-4@2x.png ... 
2021-03-11 06:11:14 +0000  29164 bytes for ./Payload/Sola Pro.app/assets/src/components/Card/CategoryCard/images/category-4@2x.png
2021-03-11 06:11:14 +0000  copying file ./Payload/Sola Pro.app/assets/src/components/Card/CategoryCard/images/category-4.png ... 
2021-03-11 06:11:14 +0000  8979 bytes for ./Payload/Sola Pro.app/assets/src/components/Card/CategoryCard/images/category-4.png
copying file ./Payload/Sola Pro.app/assets/src/components/Card/CategoryCard/images/category-4.jpg ... 
2021-03-11 06:11:14 +0000  17989 bytes for ./Payload/Sola Pro.app/assets/src/components/Card/CategoryCard/images/category-4.jpg
2021-03-11 06:11:14 +0000  copying file ./Payload/Sola Pro.app/assets/src/components/Card/CategoryCard/images/category-5.jpg ... 
2021-03-11 06:11:14 +0000  19434 bytes for ./Payload/Sola Pro.app/assets/src/components/Card/CategoryCard/images/category-5.jpg
2021-03-11 06:11:14 +0000  copying file ./Payload/Sola Pro.app/assets/src/components/Card/CategoryCard/images/category-5.png ... 
2021-03-11 06:11:14 +0000  6282 bytes for ./Payload/Sola Pro.app/assets/src/components/Card/CategoryCard/images/category-5.png
copying file ./Payload/Sola Pro.app/assets/src/components/Card/CategoryCard/images/category-2@3x.png ... 
2021-03-11 06:11:14 +0000  58942 bytes for ./Payload/Sola Pro.app/assets/src/components/Card/CategoryCard/images/category-2@3x.png
2021-03-11 06:11:14 +0000  copying file ./Payload/Sola Pro.app/assets/src/components/Card/CategoryCard/images/category-2@2x.png ... 
2021-03-11 06:11:14 +0000  27670 bytes for ./Payload/Sola Pro.app/assets/src/components/Card/CategoryCard/images/category-2@2x.png
2021-03-11 06:11:14 +0000  copying file ./Payload/Sola Pro.app/assets/src/components/Card/CategoryCard/images/category-5@3x.png ... 
2021-03-11 06:11:14 +0000  38413 bytes for ./Payload/Sola Pro.app/assets/src/components/Card/CategoryCard/images/category-5@3x.png
copying file ./Payload/Sola Pro.app/assets/src/components/Card/CategoryCard/images/category-5@2x.png ... 
2021-03-11 06:11:14 +0000  19356 bytes for ./Payload/Sola Pro.app/assets/src/components/Card/CategoryCard/images/category-5@2x.png
2021-03-11 06:11:14 +0000  copying file ./Payload/Sola Pro.app/assets/src/components/Card/CategoryCard/images/category-1@2x.png ... 
2021-03-11 06:11:14 +0000  30388 bytes for ./Payload/Sola Pro.app/assets/src/components/Card/CategoryCard/images/category-1@2x.png
2021-03-11 06:11:14 +0000  copying file ./Payload/Sola Pro.app/assets/src/components/Card/CategoryCard/images/category-3@3x.png ... 
2021-03-11 06:11:14 +0000  39112 bytes for ./Payload/Sola Pro.app/assets/src/components/Card/CategoryCard/images/category-3@3x.png
2021-03-11 06:11:14 +0000  copying file ./Payload/Sola Pro.app/assets/src/components/Card/CategoryCard/images/category-3@2x.png ... 
2021-03-11 06:11:14 +0000  19002 bytes for ./Payload/Sola Pro.app/assets/src/components/Card/CategoryCard/images/category-3@2x.png
2021-03-11 06:11:14 +0000  copying file ./Payload/Sola Pro.app/assets/src/components/Card/CategoryCard/images/category-1@3x.png ... 
2021-03-11 06:11:14 +0000  65598 bytes for ./Payload/Sola Pro.app/assets/src/components/Card/CategoryCard/images/category-1@3x.png
2021-03-11 06:11:14 +0000  copying file ./Payload/Sola Pro.app/assets/src/assets/images/onboarding-4.jpg ... 
2021-03-11 06:11:14 +0000  48001 bytes for ./Payload/Sola Pro.app/assets/src/assets/images/onboarding-4.jpg
2021-03-11 06:11:14 +0000  copying file ./Payload/Sola Pro.app/assets/src/assets/images/onboarding-4.png ... 
2021-03-11 06:11:14 +0000  53666 bytes for ./Payload/Sola Pro.app/assets/src/assets/images/onboarding-4.png
2021-03-11 06:11:14 +0000  copying file ./Payload/Sola Pro.app/assets/src/assets/images/onboarding-5.png ... 
2021-03-11 06:11:14 +0000  53954 bytes for ./Payload/Sola Pro.app/assets/src/assets/images/onboarding-5.png
2021-03-11 06:11:14 +0000  copying file ./Payload/Sola Pro.app/assets/src/assets/images/onboarding-5.jpg ... 
2021-03-11 06:11:14 +0000  47906 bytes for ./Payload/Sola Pro.app/assets/src/assets/images/onboarding-5.jpg
2021-03-11 06:11:14 +0000  copying file ./Payload/Sola Pro.app/assets/src/assets/images/onboarding-7.jpg ... 
2021-03-11 06:11:14 +0000  63136 bytes for ./Payload/Sola Pro.app/assets/src/assets/images/onboarding-7.jpg
2021-03-11 06:11:14 +0000  copying file ./Payload/Sola Pro.app/assets/src/assets/images/onboarding-7.png ... 
2021-03-11 06:11:14 +0000  117187 bytes for ./Payload/Sola Pro.app/assets/src/assets/images/onboarding-7.png
copying file ./Payload/Sola Pro.app/assets/src/assets/images/onboarding-4@2x.png ... 
2021-03-11 06:11:14 +0000  174831 bytes for ./Payload/Sola Pro.app/assets/src/assets/images/onboarding-4@2x.png
copying file ./Payload/Sola Pro.app/assets/src/assets/images/onboarding-6@3x.png ... 
2021-03-11 06:11:14 +0000  380603 bytes for ./Payload/Sola Pro.app/assets/src/assets/images/onboarding-6@3x.png
copying file ./Payload/Sola Pro.app/assets/src/assets/images/onboarding-6.png ... 
2021-03-11 06:11:14 +0000  57526 bytes for ./Payload/Sola Pro.app/assets/src/assets/images/onboarding-6.png
copying file ./Payload/Sola Pro.app/assets/src/assets/images/onboarding-6.jpg ... 
2021-03-11 06:11:14 +0000  40677 bytes for ./Payload/Sola Pro.app/assets/src/assets/images/onboarding-6.jpg
copying file ./Payload/Sola Pro.app/assets/src/assets/images/onboarding-2.jpg ... 
2021-03-11 06:11:14 +0000  40904 bytes for ./Payload/Sola Pro.app/assets/src/assets/images/onboarding-2.jpg
copying file ./Payload/Sola Pro.app/assets/src/assets/images/onboarding-2.png ... 
2021-03-11 06:11:14 +0000  56453 bytes for ./Payload/Sola Pro.app/assets/src/assets/images/onboarding-2.png
copying file ./Payload/Sola Pro.app/assets/src/assets/images/onboarding-6@2x.png ... 
2021-03-11 06:11:14 +0000  189471 bytes for ./Payload/Sola Pro.app/assets/src/assets/images/onboarding-6@2x.png
copying file ./Payload/Sola Pro.app/assets/src/assets/images/onboarding-4@3x.png ... 
2021-03-11 06:11:14 +0000  339299 bytes for ./Payload/Sola Pro.app/assets/src/assets/images/onboarding-4@3x.png
copying file ./Payload/Sola Pro.app/assets/src/assets/images/onboarding-3.png ... 
2021-03-11 06:11:14 +0000  61905 bytes for ./Payload/Sola Pro.app/assets/src/assets/images/onboarding-3.png
copying file ./Payload/Sola Pro.app/assets/src/assets/images/onboarding-3.jpg ... 
2021-03-11 06:11:14 +0000  45450 bytes for ./Payload/Sola Pro.app/assets/src/assets/images/onboarding-3.jpg
copying file ./Payload/Sola Pro.app/assets/src/assets/images/onboarding-1.png ... 
2021-03-11 06:11:14 +0000  129190 bytes for ./Payload/Sola Pro.app/assets/src/assets/images/onboarding-1.png
copying file ./Payload/Sola Pro.app/assets/src/assets/images/onboarding-2@2x.png ... 
2021-03-11 06:11:14 +0000  187931 bytes for ./Payload/Sola Pro.app/assets/src/assets/images/onboarding-2@2x.png
copying file ./Payload/Sola Pro.app/assets/src/assets/images/onboarding-2@3x.png ... 
2021-03-11 06:11:14 +0000  375136 bytes for ./Payload/Sola Pro.app/assets/src/assets/images/onboarding-2@3x.png
2021-03-11 06:11:14 +0000  copying file ./Payload/Sola Pro.app/assets/src/assets/images/onboarding-7@3x.png ... 
2021-03-11 06:11:14 +0000  814927 bytes for ./Payload/Sola Pro.app/assets/src/assets/images/onboarding-7@3x.png
copying file ./Payload/Sola Pro.app/assets/src/assets/images/onboarding-5@2x.png ... 
2021-03-11 06:11:14 +0000  184539 bytes for ./Payload/Sola Pro.app/assets/src/assets/images/onboarding-5@2x.png
copying file ./Payload/Sola Pro.app/assets/src/assets/images/webpage-logo.png ... 
2021-03-11 06:11:14 +0000  690910 bytes for ./Payload/Sola Pro.app/assets/src/assets/images/webpage-logo.png
copying file ./Payload/Sola Pro.app/assets/src/assets/images/webpage-logo.jpg ... 
2021-03-11 06:11:14 +0000  76734 bytes for ./Payload/Sola Pro.app/assets/src/assets/images/webpage-logo.jpg
copying file ./Payload/Sola Pro.app/assets/src/assets/images/logo@3x.png ... 
2021-03-11 06:11:14 +0000  172368 bytes for ./Payload/Sola Pro.app/assets/src/assets/images/logo@3x.png
copying file ./Payload/Sola Pro.app/assets/src/assets/images/logo.png ... 
2021-03-11 06:11:14 +0000  21470 bytes for ./Payload/Sola Pro.app/assets/src/assets/images/logo.png
copying file ./Payload/Sola Pro.app/assets/src/assets/images/logo@2x.png ... 
48673 bytes for ./Payload/Sola Pro.app/assets/src/assets/images/logo@2x.png
copying file ./Payload/Sola Pro.app/assets/src/assets/images/onboarding-5@3x.png ... 
2021-03-11 06:11:14 +0000  378307 bytes for ./Payload/Sola Pro.app/assets/src/assets/images/onboarding-5@3x.png
copying file ./Payload/Sola Pro.app/assets/src/assets/images/onboarding-7@2x.png ... 
2021-03-11 06:11:14 +0000  406874 bytes for ./Payload/Sola Pro.app/assets/src/assets/images/onboarding-7@2x.png
2021-03-11 06:11:14 +0000  copying file ./Payload/Sola Pro.app/assets/src/assets/images/onboarding-3@2x.png ... 
2021-03-11 06:11:14 +0000  209932 bytes for ./Payload/Sola Pro.app/assets/src/assets/images/onboarding-3@2x.png
2021-03-11 06:11:14 +0000  copying file ./Payload/Sola Pro.app/assets/src/assets/images/onboarding-1@3x.png ... 
2021-03-11 06:11:14 +0000  1113569 bytes for ./Payload/Sola Pro.app/assets/src/assets/images/onboarding-1@3x.png
copying file ./Payload/Sola Pro.app/assets/src/assets/images/onboarding-1@2x.png ... 
2021-03-11 06:11:14 +0000  516798 bytes for ./Payload/Sola Pro.app/assets/src/assets/images/onboarding-1@2x.png
copying file ./Payload/Sola Pro.app/assets/src/assets/images/onboarding-3@3x.png ... 
2021-03-11 06:11:14 +0000  423804 bytes for ./Payload/Sola Pro.app/assets/src/assets/images/onboarding-3@3x.png
2021-03-11 06:11:14 +0000  copying file ./Payload/Sola Pro.app/AppIcon20x20@2x~ipad.png ... 
2021-03-11 06:11:14 +0000  5116 bytes for ./Payload/Sola Pro.app/AppIcon20x20@2x~ipad.png
copying file ./Payload/Sola Pro.app/IBMPlexSans-Regular.ttf ... 
2021-03-11 06:11:14 +0000  181492 bytes for ./Payload/Sola Pro.app/IBMPlexSans-Regular.ttf
2021-03-11 06:11:14 +0000  copying file ./Payload/Sola Pro.app/Info.plist ... 
4535 bytes for ./Payload/Sola Pro.app/Info.plist
copying file ./Payload/Sola Pro.app/PkgInfo ... 
2021-03-11 06:11:14 +0000  8 bytes for ./Payload/Sola Pro.app/PkgInfo
copying file ./Payload/Sola Pro.app/AppIcon76x76~ipad.png ... 
2021-03-11 06:11:14 +0000  9954 bytes for ./Payload/Sola Pro.app/AppIcon76x76~ipad.png
2021-03-11 06:11:14 +0000  copying file ./Payload/Sola Pro.app/IBMPlexSans-Bold.ttf ... 
2021-03-11 06:11:14 +0000  181468 bytes for ./Payload/Sola Pro.app/IBMPlexSans-Bold.ttf
2021-03-11 06:11:14 +0000  /usr/bin/ditto exited with 0
2021-03-11 06:11:14 +0000  Processing step: IDEDistributionAppStoreInformationStep
2021-03-11 06:11:14 +0000  Skipping step: IDEDistributionAppStoreInformationStep because it said so
2021-03-11 06:11:14 +0000  Processing step: IDEDistributionGenerateProcessedDistributionItems
2021-03-11 06:11:15 +0000  Processing step: IDEDistributionCreateManifestStep
